Build started 10/7/2016 2:35:10 AM.
     1>Project "C:\Users\resnet\Downloads\Project-20161007T070931Z\Project\demo\assignment1.vcxproj" on node 2 (Build target(s)).
     1>C:\Program Files (x86)\MSBuild\Microsoft.Cpp\v4.0\V120\Microsoft.CppBuild.targets(381,5): warning MSB8028: The intermediate directory (Debug\) contains files shared from another project (demo.vcxproj).  This can lead to incorrect clean and rebuild behavior.
     1>ClCompile:
         C:\Program Files (x86)\Microsoft Visual Studio 12.0\VC\bin\CL.exe /c /ZI /nologo /W3 /WX- /Od /Oy- /D WIN32 /D _DEBUG /D _CONSOLE /D _MBCS /Gm /EHsc /RTC1 /MTd /GS /fp:precise /Zc:wchar_t /Zc:forScope /Fo"Debug\\" /Fd"Debug\vc120.pdb" /Gd /TP /analyze- /errorReport:prompt actor.cpp brick.cpp
         brick.cpp
     1>c:\users\resnet\downloads\project-20161007t070931z\project\demo\brick.cpp(97): warning C4305: 'argument' : truncation from 'double' to 'GLfloat'
     1>c:\users\resnet\downloads\project-20161007t070931z\project\demo\brick.cpp(100): warning C4305: 'argument' : truncation from 'double' to 'GLfloat'
     1>c:\users\resnet\downloads\project-20161007t070931z\project\demo\brick.cpp(103): warning C4305: 'argument' : truncation from 'double' to 'GLfloat'
     1>c:\users\resnet\downloads\project-20161007t070931z\project\demo\brick.cpp(106): warning C4305: 'argument' : truncation from 'double' to 'GLfloat'
     1>c:\users\resnet\downloads\project-20161007t070931z\project\demo\brick.cpp(109): warning C4305: 'argument' : truncation from 'double' to 'GLfloat'
     1>c:\users\resnet\downloads\project-20161007t070931z\project\demo\brick.cpp(116): warning C4244: 'argument' : conversion from 'double' to 'GLfloat', possible loss of data
     1>c:\users\resnet\downloads\project-20161007t070931z\project\demo\brick.cpp(117): warning C4244: 'argument' : conversion from 'double' to 'GLfloat', possible loss of data
     1>c:\users\resnet\downloads\project-20161007t070931z\project\demo\brick.cpp(118): warning C4244: 'argument' : conversion from 'double' to 'GLfloat', possible loss of data
     1>c:\users\resnet\downloads\project-20161007t070931z\project\demo\brick.cpp(119): warning C4244: 'argument' : conversion from 'double' to 'GLfloat', possible loss of data
     1>c:\users\resnet\downloads\project-20161007t070931z\project\demo\brick.cpp(205): warning C4244: 'argument' : conversion from 'double' to 'GLfloat', possible loss of data
     1>c:\users\resnet\downloads\project-20161007t070931z\project\demo\brick.cpp(206): warning C4305: '+=' : truncation from 'double' to 'float'
     1>c:\users\resnet\downloads\project-20161007t070931z\project\demo\brick.cpp(208): warning C4244: 'argument' : conversion from 'double' to 'GLfloat', possible loss of data
     1>c:\users\resnet\downloads\project-20161007t070931z\project\demo\brick.cpp(249): warning C4305: 'argument' : truncation from 'double' to 'GLfloat'
     1>c:\users\resnet\downloads\project-20161007t070931z\project\demo\brick.cpp(251): warning C4244: 'argument' : conversion from 'double' to 'GLfloat', possible loss of data
     1>c:\users\resnet\downloads\project-20161007t070931z\project\demo\brick.cpp(252): warning C4244: 'argument' : conversion from 'double' to 'GLfloat', possible loss of data
     1>c:\users\resnet\downloads\project-20161007t070931z\project\demo\brick.cpp(253): warning C4244: 'argument' : conversion from 'double' to 'GLfloat', possible loss of data
     1>c:\users\resnet\downloads\project-20161007t070931z\project\demo\brick.cpp(254): warning C4244: 'argument' : conversion from 'double' to 'GLfloat', possible loss of data
     1>c:\users\resnet\downloads\project-20161007t070931z\project\demo\brick.cpp(426): warning C4305: '+=' : truncation from 'double' to 'float'
     1>c:\users\resnet\downloads\project-20161007t070931z\project\demo\brick.cpp(437): warning C4305: '+=' : truncation from 'double' to 'float'
     1>c:\users\resnet\downloads\project-20161007t070931z\project\demo\brick.cpp(450): warning C4305: 'initializing' : truncation from 'double' to 'float'
     1>c:\users\resnet\downloads\project-20161007t070931z\project\demo\brick.cpp(450): warning C4305: '+=' : truncation from 'double' to 'float'
     1>c:\users\resnet\downloads\project-20161007t070931z\project\demo\brick.cpp(461): warning C4305: 'initializing' : truncation from 'double' to 'float'
     1>c:\users\resnet\downloads\project-20161007t070931z\project\demo\brick.cpp(461): warning C4305: '-=' : truncation from 'double' to 'float'
         Generating Code...
         Skipping... (no relevant changes detected)
         actor.cpp
       Link:
         C:\Program Files (x86)\Microsoft Visual Studio 12.0\VC\bin\link.exe /ERRORREPORT:PROMPT /OUT:"C:\Users\resnet\Downloads\Project-20161007T070931Z\Project\Debug\brick.exe" /INCREMENTAL:NO /NOLOGO kernel32.lib user32.lib gdi32.lib winspool.lib comdlg32.lib advapi32.lib shell32.lib ole32.lib oleaut32.lib uuid.lib odbc32.lib odbccp32.lib /NODEFAULTLIB:libc.lib /MANIFEST /MANIFESTUAC:"level='asInvoker' uiAccess='false'" /manifest:embed /DEBUG /PDB:"C:\Users\resnet\Downloads\Project-20161007T070931Z\Project\Debug\brick.pdb" /SUBSYSTEM:CONSOLE /OPT:REF /OPT:ICF /TLBID:1 /DYNAMICBASE /NXCOMPAT /IMPLIB:"C:\Users\resnet\Downloads\Project-20161007T070931Z\Project\Debug\brick.lib" /MACHINE:X86 Debug\actor.obj
         Debug\brick.obj
     1>actor.obj : warning LNK4075: ignoring '/EDITANDCONTINUE' due to '/OPT:ICF' specification
         assignment1.vcxproj -> C:\Users\resnet\Downloads\Project-20161007T070931Z\Project\Debug\brick.exe
     1>Done Building Project "C:\Users\resnet\Downloads\Project-20161007T070931Z\Project\demo\assignment1.vcxproj" (Build target(s)).

Build succeeded.

Time Elapsed 00:00:10.25
